{"/home/slampazona/nodeProjects/oclock-pong/front-react/src/components/Game/models/player.js": {"path":"/home/slampazona/nodeProjects/oclock-pong/front-react/src/components/Game/models/player.js","statementMap":{"0":{"start":{"line":17,"column":15},"end":{"line":17,"column":16}},"1":{"start":{"line":20,"column":10},"end":{"line":20,"column":11}},"2":{"start":{"line":23,"column":16},"end":{"line":23,"column":18}},"3":{"start":{"line":26,"column":17},"end":{"line":26,"column":19}},"4":{"start":{"line":34,"column":4},"end":{"line":34,"column":21}},"5":{"start":{"line":35,"column":4},"end":{"line":35,"column":34}},"6":{"start":{"line":37,"column":64},"end":{"line":37,"column":73}},"7":{"start":{"line":40,"column":4},"end":{"line":40,"column":65}},"8":{"start":{"line":41,"column":4},"end":{"line":41,"column":67}},"9":{"start":{"line":48,"column":46},"end":{"line":48,"column":55}},"10":{"start":{"line":50,"column":4},"end":{"line":50,"column":30}},"11":{"start":{"line":52,"column":4},"end":{"line":54,"column":5}},"12":{"start":{"line":53,"column":6},"end":{"line":53,"column":46}},"13":{"start":{"line":55,"column":4},"end":{"line":57,"column":5}},"14":{"start":{"line":56,"column":6},"end":{"line":56,"column":17}},"15":{"start":{"line":64,"column":55},"end":{"line":64,"column":64}},"16":{"start":{"line":65,"column":20},"end":{"line":65,"column":54}},"17":{"start":{"line":67,"column":4},"end":{"line":72,"column":6}},"18":{"start":{"line":73,"column":4},"end":{"line":73,"column":19}},"19":{"start":{"line":76,"column":4},"end":{"line":76,"column":44}},"20":{"start":{"line":77,"column":27},"end":{"line":77,"column":40}},"21":{"start":{"line":79,"column":4},"end":{"line":79,"column":34}},"22":{"start":{"line":80,"column":4},"end":{"line":85,"column":5}},"23":{"start":{"line":81,"column":6},"end":{"line":81,"column":60}},"24":{"start":{"line":84,"column":6},"end":{"line":84,"column":79}},"25":{"start":{"line":87,"column":4},"end":{"line":87,"column":34}},"26":{"start":{"line":94,"column":4},"end":{"line":94,"column":20}},"27":{"start":{"line":102,"column":4},"end":{"line":102,"column":32}},"28":{"start":{"line":110,"column":4},"end":{"line":110,"column":31}}},"fnMap":{"0":{"name":"(anonymous_0)","decl":{"start":{"line":33,"column":2},"end":{"line":33,"column":3}},"loc":{"start":{"line":33,"column":28},"end":{"line":42,"column":3}},"line":33},"1":{"name":"(anonymous_1)","decl":{"start":{"line":47,"column":2},"end":{"line":47,"column":3}},"loc":{"start":{"line":47,"column":11},"end":{"line":58,"column":3}},"line":47},"2":{"name":"(anonymous_2)","decl":{"start":{"line":63,"column":2},"end":{"line":63,"column":3}},"loc":{"start":{"line":63,"column":9},"end":{"line":88,"column":3}},"line":63},"3":{"name":"(anonymous_3)","decl":{"start":{"line":93,"column":2},"end":{"line":93,"column":3}},"loc":{"start":{"line":93,"column":8},"end":{"line":95,"column":3}},"line":93},"4":{"name":"(anonymous_4)","decl":{"start":{"line":101,"column":2},"end":{"line":101,"column":3}},"loc":{"start":{"line":101,"column":24},"end":{"line":103,"column":3}},"line":101},"5":{"name":"(anonymous_5)","decl":{"start":{"line":109,"column":2},"end":{"line":109,"column":3}},"loc":{"start":{"line":109,"column":26},"end":{"line":111,"column":3}},"line":109}},"branchMap":{"0":{"loc":{"start":{"line":40,"column":13},"end":{"line":40,"column":64}},"type":"cond-expr","locations":[{"start":{"line":40,"column":30},"end":{"line":40,"column":31}},{"start":{"line":40,"column":35},"end":{"line":40,"column":63}}],"line":40},"1":{"loc":{"start":{"line":41,"column":13},"end":{"line":41,"column":66}},"type":"cond-expr","locations":[{"start":{"line":41,"column":30},"end":{"line":41,"column":31}},{"start":{"line":41,"column":35},"end":{"line":41,"column":65}}],"line":41},"2":{"loc":{"start":{"line":52,"column":4},"end":{"line":54,"column":5}},"type":"if","locations":[{"start":{"line":52,"column":4},"end":{"line":54,"column":5}},{"start":{},"end":{}}],"line":52},"3":{"loc":{"start":{"line":55,"column":4},"end":{"line":57,"column":5}},"type":"if","locations":[{"start":{"line":55,"column":4},"end":{"line":57,"column":5}},{"start":{},"end":{}}],"line":55},"4":{"loc":{"start":{"line":80,"column":4},"end":{"line":85,"column":5}},"type":"if","locations":[{"start":{"line":80,"column":4},"end":{"line":85,"column":5}},{"start":{"line":83,"column":9},"end":{"line":85,"column":5}}],"line":80}},"s":{"0":0,"1":0,"2":0,"3":0,"4":0,"5":0,"6":0,"7":0,"8":0,"9":0,"10":0,"11":0,"12":0,"13":0,"14":0,"15":0,"16":0,"17":0,"18":0,"19":0,"20":0,"21":0,"22":0,"23":0,"24":0,"25":0,"26":0,"27":0,"28":0},"f":{"0":0,"1":0,"2":0,"3":0,"4":0,"5":0},"b":{"0":[0,0],"1":[0,0],"2":[0,0],"3":[0,0],"4":[0,0]},"_coverageSchema":"1a1c01bbd47fc00a2c39e90264f33305004495a9","hash":"81ec74cd2669d78851a98fc0fcfb9edc74e41768"}
}
